"../../../Engine/Content/EditorBlueprintResources/StandardMacros.uasset" 0
"../../../Engine/Content/BasicShapes/BasicShapeMaterial.uasset" 1
"../../Plugins/FX/Niagara/Content/DefaultAssets/DefaultSpriteMaterial.uasset" 2
"../../Plugins/FX/Niagara/Content/DynamicInputs/TypeConversions/Vector2DFromFloat.uasset" 3
"../../Plugins/FX/Niagara/Content/Enums/ENiagaraRandomnessMode.uasset" 4
"../../Plugins/FX/Niagara/Content/Functions/GetRandomInfo.uasset" 5
"../../Plugins/FX/Niagara/Content/Functions/RandomRangeFloat.uasset" 6
"../../Plugins/FX/Niagara/Content/DynamicInputs/UniformRange/UniformRangedFloat.uasset" 7
"../../Plugins/FX/Niagara/Content/DynamicInputs/ValueFromCurve/FloatFromCurve.uasset" 8
"../../Plugins/FX/Niagara/Content/DynamicInputs/ValueFromCurve/Vector4FromCurve.uasset" 9
"../../Plugins/FX/Niagara/Content/Functions/Localspace/SimulationPosition.uasset" 10
"../../Plugins/FX/Niagara/Content/Functions/Emitter/EmitterChangeState.uasset" 11
"../../Plugins/FX/Niagara/Content/Enums/ENiagara_EmitterStateOptions.uasset" 12
"../../Plugins/FX/Niagara/Content/Enums/ENiagara_InfiniteLoopDuration.uasset" 13
"../../Plugins/FX/Niagara/Content/Enums/ENiagaraEmitterLifeCycleMode.uasset" 14
"../../Plugins/FX/Niagara/Content/Enums/ENiagaraEmitterScalabilityMode_Limited.uasset" 15
"../../Plugins/FX/Niagara/Content/Enums/ENiagaraExecutionStateManagement.uasset" 16
"../../Plugins/FX/Niagara/Content/Enums/ENiagaraInactiveMode.uasset" 17
"../../Plugins/FX/Niagara/Content/Modules/Emitter/EmitterState.uasset" 18
"../../Plugins/FX/Niagara/Content/Modules/Emitter/SpawnBurst_Instantaneous.uasset" 19
"../../Plugins/FX/Niagara/Content/Functions/DirectionAndLengthSafe.uasset" 20
"../../Plugins/FX/Niagara/Content/Modules/Solvers/SolveForcesAndVelocity.uasset" 21
"../../Plugins/FX/Niagara/Content/Modules/Spawn/Initialization/InitializeParticle.uasset" 22
"../../Plugins/FX/Niagara/Content/Enums/ENiagaraCoordinateSpace.uasset" 23
"../../Plugins/FX/Niagara/Content/Functions/Localspace/TransformBase.uasset" 24
"../../Plugins/FX/Niagara/Content/Functions/Localspace/TransformVector.uasset" 25
"../../Plugins/FX/Niagara/Content/Functions/RandomPointInSphere.uasset" 26
"../../Plugins/FX/Niagara/Content/Enums/ENiagaraExpansionMode.uasset" 27
"../../Plugins/FX/Niagara/Content/Enums/ENiagaraTorusDistributionMode.uasset" 28
"../../Plugins/FX/Niagara/Content/Modules/Spawn/Location/SphereLocation.uasset" 29
"../../Plugins/FX/Niagara/Content/Modules/Spawn/Velocity/AddVelocity.uasset" 30
"../../Plugins/FX/Niagara/Content/Functions/NormalizeDistanceRange.uasset" 31
"../../Plugins/FX/Niagara/Content/Functions/DistanceBasedFalloff.uasset" 32
"../../Plugins/FX/Niagara/Content/Functions/RandomUnitVector.uasset" 33
"../../Plugins/FX/Niagara/Content/Functions/RandomVector.uasset" 34
"../../Plugins/FX/Niagara/Content/Modules/Spawn/Velocity/AddVelocityFromPoint.uasset" 35
"../../Plugins/FX/Niagara/Content/Functions/System/SystemChangeState.uasset" 36
"../../Plugins/FX/Niagara/Content/Enums/ENiagaraSystemInactiveMode.uasset" 37
"../../Plugins/FX/Niagara/Content/Modules/System/SystemState.uasset" 38
"../../Plugins/FX/Niagara/Content/Enums/ENiagaraScaleColorMode.uasset" 39
"../../Plugins/FX/Niagara/Content/Modules/Update/Color/ScaleColor.uasset" 40
"../../Plugins/FX/Niagara/Content/Modules/Update/Forces/AccelerationForce.uasset" 41
"../../Plugins/FX/Niagara/Content/Modules/Update/Forces/Drag.uasset" 42
"../../Plugins/FX/Niagara/Content/Modules/Update/Lifetime/ParticleState.uasset" 43
"../../Plugins/FX/Niagara/Content/Modules/Update/Position/JitterPosition.uasset" 44
"../../Plugins/FX/Niagara/Content/Modules/Update/Size/ScaleSpriteSize.uasset" 45
"../../Plugins/FX/Niagara/Content/Enums/ENiagaraSUbUVAnimationMode.uasset" 46
"../../Plugins/FX/Niagara/Content/Modules/Update/SubUV/SubUVAnimation.uasset" 47
"D:/Users/seank/Desktop/MiracleJam/MiracleJam/GamJam/Content/VFX/JumpSparkles/NS_ProjectileCollect.uasset" 48
"D:/Users/seank/Desktop/MiracleJam/MiracleJam/GamJam/Content/VFX/JumpSparkles/NS_ProjectileFizzle.uasset" 49
"../../Plugins/FX/Niagara/Content/Functions/Math/RemapValueRange.uasset" 50
"../../Plugins/FX/Niagara/Content/Functions/PolarToCartesianCoordinates.uasset" 51
"../../Plugins/FX/Niagara/Content/Functions/RandomVectorInCone.uasset" 52
"../../Plugins/FX/Niagara/Content/Functions/Rotation/FindQuatBetween.uasset" 53
"../../Plugins/FX/Niagara/Content/Functions/Rotation/MultiplyVectorWithQuaternion.uasset" 54
"../../Plugins/FX/Niagara/Content/Modules/Spawn/Velocity/AddVelocityInCone.uasset" 55
"../../Plugins/FX/Niagara/Content/Modules/Update/Velocity/InheritVelocity.uasset" 56
"D:/Users/seank/Desktop/MiracleJam/MiracleJam/GamJam/Content/VFX/NS_Burst.uasset" 57
"../../Plugins/FX/Niagara/Content/DefaultAssets/DefaultRIbbonMaterial.uasset" 58
"../../../Engine/Content/EngineMaterials/DefaultDiffuse.uasset" 59
"../../../Engine/Content/Functions/Engine_MaterialFunctions03/Texturing/SubUV_Function.uasset" 60
"D:/Users/seank/Desktop/MiracleJam/MiracleJam/GamJam/Content/VFX/Sundrops/Sundrops.uasset" 61
"D:/Users/seank/Desktop/MiracleJam/MiracleJam/GamJam/Content/VFX/Sundrops/M_Sundrops.uasset" 62
"D:/Users/seank/Desktop/MiracleJam/MiracleJam/GamJam/Content/VFX/Sundrops/M_Sundrops_Inst.uasset" 63
"../../Plugins/FX/Niagara/Content/DynamicInputs/Angles/NormalizedAngleToDegrees.uasset" 64
"../../Plugins/FX/Niagara/Content/DynamicInputs/Math/Frac_Float.uasset" 65
"../../Plugins/FX/Niagara/Content/DynamicInputs/Multiply/Multiply_Float.uasset" 66
"../../Plugins/FX/Niagara/Content/Modules/Emitter/SpawnPerUnit.uasset" 67
"../../Plugins/FX/Niagara/Content/Modules/Emitter/SpawnRate.uasset" 68
"../../Plugins/FX/Niagara/Content/Functions/Helpers/AdvancePositionWithAcceleration.uasset" 69
"../../Plugins/FX/Niagara/Content/DefaultAssets/Structs/LocationEvent.uasset" 70
"../../Plugins/FX/Niagara/Content/Modules/Events/GenerateLocationEvent.uasset" 71
"../../Plugins/FX/Niagara/Content/Modules/Events/ReceiveLocationEvent.uasset" 72
"../../Plugins/FX/Niagara/Content/Modules/Spawn/Initialization/InitializeRibbon.uasset" 73
"../../Plugins/FX/Niagara/Content/Functions/ParametricTorus.uasset" 74
"../../Plugins/FX/Niagara/Content/Functions/ParametricTorusKnot.uasset" 75
"../../Plugins/FX/Niagara/Content/Functions/RandomRange.uasset" 76
"../../Plugins/FX/Niagara/Content/Functions/Rotation/AxisAngleToQuaternion.uasset" 77
"../../Plugins/FX/Niagara/Content/Functions/Rotation/MultiplyQuaternion.uasset" 78
"../../Plugins/FX/Niagara/Content/Enums/ENiagaraTorusMode.uasset" 79
"../../Plugins/FX/Niagara/Content/Modules/Spawn/Location/TorusLocation.uasset" 80
"../../Plugins/FX/Niagara/Content/Modules/Update/Velocity/VortexVelocity.uasset" 81
"D:/Users/seank/Desktop/MiracleJam/MiracleJam/GamJam/Content/VFX/ProjectileTrail/NS_ProjectileTrail.uasset" 82
"../../../Engine/Content/Functions/Engine_MaterialFunctions01/Opacity/CameraDepthFade.uasset" 83
"../../../Engine/Content/EngineMaterials/T_Default_Material_Grid_M.uasset" 84
"../../../Engine/Content/EngineMaterials/T_Default_Material_Grid_N.uasset" 85
"../../../Engine/Content/EngineMaterials/DefaultMaterial.uasset" 86
"../../../Engine/Content/BasicShapes/Sphere.uasset" 87
"D:/Users/seank/Desktop/MiracleJam/MiracleJam/GamJam/Content/SFX/pop1.uasset" 88
"D:/Users/seank/Desktop/MiracleJam/MiracleJam/GamJam/Content/SFX/SC_Fire.uasset" 89
"D:/Users/seank/Desktop/MiracleJam/MiracleJam/GamJam/Content/CollectablesBlueprint/Bp_SunProjectile.uasset" 90
"D:/Users/seank/Desktop/MiracleJam/MiracleJam/GamJam/Content/VFX/Sun/Sun.uasset" 91
"D:/Users/seank/Desktop/MiracleJam/MiracleJam/GamJam/Content/VFX/Sun/M_Charge1.uasset" 92
"D:/Users/seank/Desktop/MiracleJam/MiracleJam/GamJam/Content/VFX/Sun/M_Charge1_Inst.uasset" 93
"../../../Engine/Content/Functions/Engine_MaterialFunctions03/ComplexMotion/Motion_4WayChaos.uasset" 94
"../../../Engine/Content/EngineResources/DefaultTexture.uasset" 95
"D:/Users/seank/Desktop/MiracleJam/MiracleJam/GamJam/Content/VFX/Sun/M_Sun2.uasset" 96
"D:/Users/seank/Desktop/MiracleJam/MiracleJam/GamJam/Content/VFX/Sun/M_Sun2_Inst.uasset" 97
"../../Plugins/FX/Niagara/Content/Enums/ENiagaraOrientationAxis.uasset" 98
"D:/Users/seank/Desktop/MiracleJam/MiracleJam/GamJam/Content/VFX/JumpSparkles/NS_JumpSparkles.uasset" 99
"D:/Users/seank/Desktop/MiracleJam/MiracleJam/GamJam/Content/VFX/JumpSparkles/NS_JumpSparkles1.uasset" 100
"D:/Users/seank/Desktop/MiracleJam/MiracleJam/GamJam/Content/VFX/Sun/Eyes.uasset" 101
"D:/Users/seank/Desktop/MiracleJam/MiracleJam/GamJam/Content/VFX/Sun/Mouth.uasset" 102
"D:/Users/seank/Desktop/MiracleJam/MiracleJam/GamJam/Content/VFX/Sun/M_Eyes1.uasset" 103
"../../Plugins/FX/Niagara/Content/Functions/Localspace/TransformPosition.uasset" 104
"../../Plugins/FX/Niagara/Content/Modules/Update/Forces/PointAttractionForce.uasset" 105
"D:/Users/seank/Desktop/MiracleJam/MiracleJam/GamJam/Content/VFX/Sun/NS_Angry.uasset" 106
"D:/Users/seank/Desktop/MiracleJam/MiracleJam/GamJam/Content/VFX/Sun/M_Eyes1_Inst2.uasset" 107
"D:/Users/seank/Desktop/MiracleJam/MiracleJam/GamJam/Content/VFX/Sun/NS_Cute.uasset" 108
"D:/Users/seank/Desktop/MiracleJam/MiracleJam/GamJam/Content/VFX/Sun/M_Eyes1_Inst.uasset" 109
"D:/Users/seank/Desktop/MiracleJam/MiracleJam/GamJam/Content/VFX/Sun/NS_Happy.uasset" 110
"D:/Users/seank/Desktop/MiracleJam/MiracleJam/GamJam/Content/VFX/Sun/M_Eyes1_Inst3.uasset" 111
"D:/Users/seank/Desktop/MiracleJam/MiracleJam/GamJam/Content/VFX/Sun/NS_Sad.uasset" 112
"D:/Users/seank/Desktop/MiracleJam/MiracleJam/GamJam/Content/VFX/Sun/M_Sun.uasset" 113
"D:/Users/seank/Desktop/MiracleJam/MiracleJam/GamJam/Content/VFX/Sun/M_Sun_Inst.uasset" 114
"D:/Users/seank/Desktop/MiracleJam/MiracleJam/GamJam/Content/VFX/Sun/NS_Sun.uasset" 115
"D:/Users/seank/Desktop/MiracleJam/MiracleJam/GamJam/Content/VFX/Sun/NS_Sun1.uasset" 116
"../../Plugins/FX/Niagara/Content/Modules/Update/Forces/GravityForce.uasset" 117
"../../Plugins/FX/Niagara/Content/Enums/ENiagaraFrictionMergeType.uasset" 118
"D:/Users/seank/Desktop/MiracleJam/MiracleJam/GamJam/Content/VFX/SunTrail/NS_SunTrail.uasset" 119
"D:/Users/seank/Desktop/MiracleJam/MiracleJam/GamJam/Content/SFX/bash.uasset" 120
"D:/Users/seank/Desktop/MiracleJam/MiracleJam/GamJam/Content/SFX/SC_Bash.uasset" 121
"D:/Users/seank/Desktop/MiracleJam/MiracleJam/GamJam/Content/SFX/Jump2.uasset" 122
"D:/Users/seank/Desktop/MiracleJam/MiracleJam/GamJam/Content/SFX/SC_Jump.uasset" 123
"D:/Users/seank/Desktop/MiracleJam/MiracleJam/GamJam/Content/UI/About_Pre_F.uasset" 124
"D:/Users/seank/Desktop/MiracleJam/MiracleJam/GamJam/Content/UI/AboutPressed_F.uasset" 125
"D:/Users/seank/Desktop/MiracleJam/MiracleJam/GamJam/Content/UI/ControlsPre_F.uasset" 126
"D:/Users/seank/Desktop/MiracleJam/MiracleJam/GamJam/Content/UI/ControlsPressed_F.uasset" 127
"D:/Users/seank/Desktop/MiracleJam/MiracleJam/GamJam/Content/UI/MainPlant.uasset" 128
"D:/Users/seank/Desktop/MiracleJam/MiracleJam/GamJam/Content/UI/MainPlant2.uasset" 129
"D:/Users/seank/Desktop/MiracleJam/MiracleJam/GamJam/Content/UI/PlayPre_F.uasset" 130
"D:/Users/seank/Desktop/MiracleJam/MiracleJam/GamJam/Content/UI/PlayPressed_F.uasset" 131
"D:/Users/seank/Desktop/MiracleJam/MiracleJam/GamJam/Content/UI/Quit_Pre_F.uasset" 132
"D:/Users/seank/Desktop/MiracleJam/MiracleJam/GamJam/Content/UI/QuitPressed_F.uasset" 133
"D:/Users/seank/Desktop/MiracleJam/MiracleJam/GamJam/Content/UI/Sunny.uasset" 134
"D:/Users/seank/Desktop/MiracleJam/MiracleJam/GamJam/Content/UI/Vine3.uasset" 135
"D:/Users/seank/Desktop/MiracleJam/MiracleJam/GamJam/Content/UI/BP_Menu.uasset" 136
"D:/Users/seank/Desktop/MiracleJam/MiracleJam/GamJam/Content/UI/Tutorial/UI_Bash.uasset" 137
"D:/Users/seank/Desktop/MiracleJam/MiracleJam/GamJam/Content/UI/Tutorial/UI_Fire.uasset" 138
"D:/Users/seank/Desktop/MiracleJam/MiracleJam/GamJam/Content/UI/Tutorial/UI_Grow.uasset" 139
"D:/Users/seank/Desktop/MiracleJam/MiracleJam/GamJam/Content/UI/Tutorial/UI_HowToPlay.uasset" 140
"D:/Users/seank/Desktop/MiracleJam/MiracleJam/GamJam/Content/UI/Tutorial/UI_Jump.uasset" 141
"D:/Users/seank/Desktop/MiracleJam/MiracleJam/GamJam/Content/UI/Tutorial/UI_Movement.uasset" 142
"D:/Users/seank/Desktop/MiracleJam/MiracleJam/GamJam/Content/UI/Tutorial/UI_scrollBarBackdrop.uasset" 143
"D:/Users/seank/Desktop/MiracleJam/MiracleJam/GamJam/Content/UI/Tutorial/UI_scrollBartab.uasset" 144
"D:/Users/seank/Desktop/MiracleJam/MiracleJam/GamJam/Content/UI/Tutorial/UI_Slam.uasset" 145
"D:/Users/seank/Desktop/MiracleJam/MiracleJam/GamJam/Content/UI/Tutorial/UI_WallJump.uasset" 146
"D:/Users/seank/Desktop/MiracleJam/MiracleJam/GamJam/Content/UI/Tutorial/Bp_HowToPlay.uasset" 147
"D:/Users/seank/Desktop/MiracleJam/MiracleJam/GamJam/Content/UI/BP_MenuPause.uasset" 148
"D:/Users/seank/Desktop/MiracleJam/MiracleJam/GamJam/Content/VFX/Sun/M_Charge.uasset" 149
"D:/Users/seank/Desktop/MiracleJam/MiracleJam/GamJam/Content/VFX/Sun/M_Charge_Inst.uasset" 150
"D:/Users/seank/Desktop/MiracleJam/MiracleJam/GamJam/Content/VFX/Sun/teardrop.uasset" 151
"D:/Users/seank/Desktop/MiracleJam/MiracleJam/GamJam/Content/BP_Player.uasset" 152
"D:/Users/seank/Desktop/MiracleJam/MiracleJam/GamJam/Content/Assets/Textures/Pot_Albeto.uasset" 153
"D:/Users/seank/Desktop/MiracleJam/MiracleJam/GamJam/Content/Assets/Materials/M_Pot.uasset" 154
"../../../Engine/Content/BasicShapes/Cone.uasset" 155
"D:/Users/seank/Desktop/MiracleJam/MiracleJam/GamJam/Content/Bp_Portal.uasset" 156
"D:/Users/seank/Desktop/MiracleJam/MiracleJam/GamJam/Content/Assets/Textures/BG.uasset" 157
"D:/Users/seank/Desktop/MiracleJam/MiracleJam/GamJam/Content/Assets/Materials/M_BG.uasset" 158
"D:/Users/seank/Desktop/MiracleJam/MiracleJam/GamJam/Content/Assets/BG.uasset" 159
"D:/Users/seank/Desktop/MiracleJam/MiracleJam/GamJam/Content/Assets/Textures/Rock.uasset" 160
"D:/Users/seank/Desktop/MiracleJam/MiracleJam/GamJam/Content/Assets/Materials/M_Rock.uasset" 161
"D:/Users/seank/Desktop/MiracleJam/MiracleJam/GamJam/Content/Assets/Rock.uasset" 162
"D:/Users/seank/Desktop/MiracleJam/MiracleJam/GamJam/Content/Assets/BP_SplineRock.uasset" 163
"D:/Users/seank/Desktop/MiracleJam/MiracleJam/GamJam/Content/Assets/Textures/BoxkAndClimber.uasset" 164
"D:/Users/seank/Desktop/MiracleJam/MiracleJam/GamJam/Content/Assets/Materials/M_BoxClimber.uasset" 165
"../../../Engine/Content/Functions/Engine_MaterialFunctions01/WorldPositionOffset/SimpleGrassWind.uasset" 166
"D:/Users/seank/Desktop/MiracleJam/MiracleJam/GamJam/Content/Assets/Textures/Mask.uasset" 167
"D:/Users/seank/Desktop/MiracleJam/MiracleJam/GamJam/Content/Assets/Textures/Plants.uasset" 168
"D:/Users/seank/Desktop/MiracleJam/MiracleJam/GamJam/Content/Assets/Materials/M_Plant.uasset" 169
"D:/Users/seank/Desktop/MiracleJam/MiracleJam/GamJam/Content/Assets/Climber_2.uasset" 170
"D:/Users/seank/Desktop/MiracleJam/MiracleJam/GamJam/Content/Assets/Textures/Dirt.uasset" 171
"D:/Users/seank/Desktop/MiracleJam/MiracleJam/GamJam/Content/Assets/Materials/M_Dirt.uasset" 172
"D:/Users/seank/Desktop/MiracleJam/MiracleJam/GamJam/Content/Assets/Textures/Grass.uasset" 173
"D:/Users/seank/Desktop/MiracleJam/MiracleJam/GamJam/Content/Assets/Materials/M_Grass.uasset" 174
"D:/Users/seank/Desktop/MiracleJam/MiracleJam/GamJam/Content/Assets/Textures/Sand.uasset" 175
"D:/Users/seank/Desktop/MiracleJam/MiracleJam/GamJam/Content/Assets/Materials/M_Sand.uasset" 176
"D:/Users/seank/Desktop/MiracleJam/MiracleJam/GamJam/Content/Assets/Textures/Hills.uasset" 177
"D:/Users/seank/Desktop/MiracleJam/MiracleJam/GamJam/Content/VFX/Sundrops/NS_Sundrops.uasset" 178
"D:/Users/seank/Desktop/MiracleJam/MiracleJam/GamJam/Content/CollectablesBlueprint/BP_Noncollectables.uasset" 179
"D:/Users/seank/Desktop/MiracleJam/MiracleJam/GamJam/Content/RollingBP/RollingOverview.uasset" 180
"D:/Users/seank/Desktop/MiracleJam/MiracleJam/GamJam/Content/SFX/drop.uasset" 181
"D:/Users/seank/Desktop/MiracleJam/MiracleJam/GamJam/Content/SFX/SC_Drop.uasset" 182
"D:/Users/seank/Desktop/MiracleJam/MiracleJam/GamJam/Content/SFX/woosh1.uasset" 183
"D:/Users/seank/Desktop/MiracleJam/MiracleJam/GamJam/Content/SFX/woosh2.uasset" 184
"D:/Users/seank/Desktop/MiracleJam/MiracleJam/GamJam/Content/SFX/woosh3.uasset" 185
"D:/Users/seank/Desktop/MiracleJam/MiracleJam/GamJam/Content/SFX/woosh4.uasset" 186
"D:/Users/seank/Desktop/MiracleJam/MiracleJam/GamJam/Content/SFX/woosh5.uasset" 187
"D:/Users/seank/Desktop/MiracleJam/MiracleJam/GamJam/Content/StarterContent/Materials/M_Basic_Wall.uasset" 188
"D:/Users/seank/Desktop/MiracleJam/MiracleJam/GamJam/Content/StarterContent/Architecture/Pillar_50x500.uasset" 189
"D:/Users/seank/Desktop/MiracleJam/MiracleJam/GamJam/Content/StarterContent/Architecture/Wall_400x300.uasset" 190
"D:/Users/seank/Desktop/MiracleJam/MiracleJam/GamJam/Content/StarterContent/Architecture/Wall_400x400.uasset" 191
"D:/Users/seank/Desktop/MiracleJam/MiracleJam/GamJam/Content/StarterContent/Architecture/Wall_500x500.uasset" 192
"D:/Users/seank/Desktop/MiracleJam/MiracleJam/GamJam/Content/StarterContent/Architecture/Wall_Door_400x400.uasset" 193
"D:/Users/seank/Desktop/MiracleJam/MiracleJam/GamJam/Content/StarterContent/Architecture/Wall_Window_400x400.uasset" 194
"D:/Users/seank/Desktop/MiracleJam/MiracleJam/GamJam/Content/StarterContent/Audio/Collapse01.uasset" 195
"D:/Users/seank/Desktop/MiracleJam/MiracleJam/GamJam/Content/StarterContent/Audio/Collapse02.uasset" 196
"D:/Users/seank/Desktop/MiracleJam/MiracleJam/GamJam/Content/StarterContent/Audio/Explosion01.uasset" 197
"D:/Users/seank/Desktop/MiracleJam/MiracleJam/GamJam/Content/StarterContent/Audio/Explosion02.uasset" 198
"D:/Users/seank/Desktop/MiracleJam/MiracleJam/GamJam/Content/StarterContent/Audio/Fire01.uasset" 199
"D:/Users/seank/Desktop/MiracleJam/MiracleJam/GamJam/Content/StarterContent/Audio/Fire_Sparks01.uasset" 200
"D:/Users/seank/Desktop/MiracleJam/MiracleJam/GamJam/Content/StarterContent/Audio/Light01.uasset" 201
"D:/Users/seank/Desktop/MiracleJam/MiracleJam/GamJam/Content/StarterContent/Audio/Light01_Cue.uasset" 202
"D:/Users/seank/Desktop/MiracleJam/MiracleJam/GamJam/Content/StarterContent/Audio/Light02.uasset" 203
"D:/Users/seank/Desktop/MiracleJam/MiracleJam/GamJam/Content/StarterContent/Audio/Light02_Cue.uasset" 204
"D:/Users/seank/Desktop/MiracleJam/MiracleJam/GamJam/Content/StarterContent/Audio/Smoke01.uasset" 205
"D:/Users/seank/Desktop/MiracleJam/MiracleJam/GamJam/Content/StarterContent/Audio/Starter_Birds01.uasset" 206
"D:/Users/seank/Desktop/MiracleJam/MiracleJam/GamJam/Content/StarterContent/Audio/Starter_Music01.uasset" 207
"D:/Users/seank/Desktop/MiracleJam/MiracleJam/GamJam/Content/StarterContent/Audio/Starter_Wind05.uasset" 208
"D:/Users/seank/Desktop/MiracleJam/MiracleJam/GamJam/Content/StarterContent/Audio/Starter_Wind06.uasset" 209
"D:/Users/seank/Desktop/MiracleJam/MiracleJam/GamJam/Content/StarterContent/Audio/Steam01.uasset" 210
"D:/Users/seank/Desktop/MiracleJam/MiracleJam/GamJam/Content/StarterContent/Audio/Explosion_Cue.uasset" 211
"D:/Users/seank/Desktop/MiracleJam/MiracleJam/GamJam/Content/StarterContent/Textures/T_Burst_M.uasset" 212
"D:/Users/seank/Desktop/MiracleJam/MiracleJam/GamJam/Content/StarterContent/Particles/Materials/M_Burst.uasset" 213
"D:/Users/seank/Desktop/MiracleJam/MiracleJam/GamJam/Content/StarterContent/Textures/T_Explosion_SubUV.uasset" 214
"D:/Users/seank/Desktop/MiracleJam/MiracleJam/GamJam/Content/StarterContent/Particles/Materials/M_explosion_subUV.uasset" 215
"D:/Users/seank/Desktop/MiracleJam/MiracleJam/GamJam/Content/StarterContent/Particles/Materials/m_flare_01.uasset" 216
"../../../Engine/Content/Functions/Engine_MaterialFunctions01/Gradient/RadialGradient.uasset" 217
"D:/Users/seank/Desktop/MiracleJam/MiracleJam/GamJam/Content/StarterContent/Particles/Materials/M_radial_ramp.uasset" 218
"D:/Users/seank/Desktop/MiracleJam/MiracleJam/GamJam/Content/StarterContent/Textures/T_Smoke_SubUV.uasset" 219
"D:/Users/seank/Desktop/MiracleJam/MiracleJam/GamJam/Content/StarterContent/Textures/T_Smoke_Tiled_D.uasset" 220
"D:/Users/seank/Desktop/MiracleJam/MiracleJam/GamJam/Content/StarterContent/Particles/Materials/M_smoke_subUV.uasset" 221
"D:/Users/seank/Desktop/MiracleJam/MiracleJam/GamJam/Content/StarterContent/Particles/P_Explosion.uasset" 222
"D:/Users/seank/Desktop/MiracleJam/MiracleJam/GamJam/Content/StarterContent/Blueprints/Blueprint_Effect_Explosion.uasset" 223
"../../../Engine/Content/EditorMeshes/ColorCalibrator/T_ColorGrid.uasset" 224
"D:/Users/seank/Desktop/MiracleJam/MiracleJam/GamJam/Content/StarterContent/Materials/M_ColorGrid_LowSpec.uasset" 225
"D:/Users/seank/Desktop/MiracleJam/MiracleJam/GamJam/Content/StarterContent/Textures/T_Bush_D.uasset" 226
"D:/Users/seank/Desktop/MiracleJam/MiracleJam/GamJam/Content/StarterContent/Textures/T_Bush_N.uasset" 227
"D:/Users/seank/Desktop/MiracleJam/MiracleJam/GamJam/Content/StarterContent/Props/Materials/M_Bush.uasset" 228
"D:/Users/seank/Desktop/MiracleJam/MiracleJam/GamJam/Content/StarterContent/Props/SM_Bush.uasset" 229
"D:/Users/seank/Desktop/MiracleJam/MiracleJam/GamJam/Content/StarterContent/Textures/T_Chair_M.uasset" 230
"D:/Users/seank/Desktop/MiracleJam/MiracleJam/GamJam/Content/StarterContent/Textures/T_Chair_N.uasset" 231
"D:/Users/seank/Desktop/MiracleJam/MiracleJam/GamJam/Content/StarterContent/Props/Materials/M_Chair.uasset" 232
"D:/Users/seank/Desktop/MiracleJam/MiracleJam/GamJam/Content/StarterContent/Props/SM_Couch.uasset" 233
"D:/Users/seank/Desktop/MiracleJam/MiracleJam/GamJam/Content/StarterContent/Materials/M_Glass.uasset" 234
"D:/Users/seank/Desktop/MiracleJam/MiracleJam/GamJam/Content/StarterContent/Textures/T_Door_M.uasset" 235
"D:/Users/seank/Desktop/MiracleJam/MiracleJam/GamJam/Content/StarterContent/Textures/T_Door_N.uasset" 236
"D:/Users/seank/Desktop/MiracleJam/MiracleJam/GamJam/Content/StarterContent/Props/Materials/M_Door.uasset" 237
"D:/Users/seank/Desktop/MiracleJam/MiracleJam/GamJam/Content/StarterContent/Props/SM_Door.uasset" 238
"D:/Users/seank/Desktop/MiracleJam/MiracleJam/GamJam/Content/StarterContent/Props/Materials/M_MaterialSphere.uasset" 239
"D:/Users/seank/Desktop/MiracleJam/MiracleJam/GamJam/Content/StarterContent/Props/Materials/M_MaterialSphere_Plain.uasset" 240
"D:/Users/seank/Desktop/MiracleJam/MiracleJam/GamJam/Content/StarterContent/Props/SM_MatPreviewMesh_02.uasset" 241
"../../../Engine/Content/Functions/Engine_MaterialFunctions02/Utility/BlendAngleCorrectedNormals.uasset" 242
"D:/Users/seank/Desktop/MiracleJam/MiracleJam/GamJam/Content/StarterContent/Textures/T_Detail_Rocky_N.uasset" 243
"D:/Users/seank/Desktop/MiracleJam/MiracleJam/GamJam/Content/StarterContent/Textures/T_Rock_Basalt_D.uasset" 244
"D:/Users/seank/Desktop/MiracleJam/MiracleJam/GamJam/Content/StarterContent/Textures/T_RockMesh_M.uasset" 245
"D:/Users/seank/Desktop/MiracleJam/MiracleJam/GamJam/Content/StarterContent/Textures/T_RockMesh_N.uasset" 246
"D:/Users/seank/Desktop/MiracleJam/MiracleJam/GamJam/Content/StarterContent/Props/Materials/M_Rock.uasset" 247
"D:/Users/seank/Desktop/MiracleJam/MiracleJam/GamJam/Content/StarterContent/Props/SM_Rock.uasset" 248
"D:/Users/seank/Desktop/MiracleJam/MiracleJam/GamJam/Content/StarterContent/Textures/T_Shelf_M.uasset" 249
"D:/Users/seank/Desktop/MiracleJam/MiracleJam/GamJam/Content/StarterContent/Textures/T_Shelf_N.uasset" 250
"D:/Users/seank/Desktop/MiracleJam/MiracleJam/GamJam/Content/StarterContent/Props/Materials/M_Shelf.uasset" 251
"D:/Users/seank/Desktop/MiracleJam/MiracleJam/GamJam/Content/StarterContent/Props/SM_Shelf.uasset" 252
"D:/Users/seank/Desktop/MiracleJam/MiracleJam/GamJam/Content/StarterContent/Materials/M_Basic_Floor.uasset" 253
"D:/Users/seank/Desktop/MiracleJam/MiracleJam/GamJam/Content/StarterContent/Props/SM_Stairs.uasset" 254
"D:/Users/seank/Desktop/MiracleJam/MiracleJam/GamJam/Content/StarterContent/Shapes/Shape_Cone.uasset" 255
"D:/Users/seank/Desktop/MiracleJam/MiracleJam/GamJam/Content/StarterContent/Shapes/Shape_Cylinder.uasset" 256
"D:/Users/seank/Desktop/MiracleJam/MiracleJam/GamJam/Content/StarterContent/Shapes/Shape_NarrowCapsule.uasset" 257
"D:/Users/seank/Desktop/MiracleJam/MiracleJam/GamJam/Content/StarterContent/Shapes/Shape_Pipe.uasset" 258
"D:/Users/seank/Desktop/MiracleJam/MiracleJam/GamJam/Content/StarterContent/Shapes/Shape_Pipe_180.uasset" 259
"D:/Users/seank/Desktop/MiracleJam/MiracleJam/GamJam/Content/StarterContent/Shapes/Shape_Pipe_90.uasset" 260
"D:/Users/seank/Desktop/MiracleJam/MiracleJam/GamJam/Content/StarterContent/Shapes/Shape_Plane.uasset" 261
"D:/Users/seank/Desktop/MiracleJam/MiracleJam/GamJam/Content/StarterContent/Shapes/Shape_Torus.uasset" 262
"D:/Users/seank/Desktop/MiracleJam/MiracleJam/GamJam/Content/StarterContent/Shapes/Shape_Trim.uasset" 263
"D:/Users/seank/Desktop/MiracleJam/MiracleJam/GamJam/Content/StarterContent/Shapes/Shape_Trim_90_In.uasset" 264
"D:/Users/seank/Desktop/MiracleJam/MiracleJam/GamJam/Content/StarterContent/Shapes/Shape_Trim_90_Out.uasset" 265
"D:/Users/seank/Desktop/MiracleJam/MiracleJam/GamJam/Content/StarterContent/Shapes/Shape_TriPyramid.uasset" 266
"D:/Users/seank/Desktop/MiracleJam/MiracleJam/GamJam/Content/StarterContent/Shapes/Shape_Tube.uasset" 267
"D:/Users/seank/Desktop/MiracleJam/MiracleJam/GamJam/Content/StarterContent/Shapes/Shape_Wedge_A.uasset" 268
"D:/Users/seank/Desktop/MiracleJam/MiracleJam/GamJam/Content/StarterContent/Shapes/Shape_Wedge_B.uasset" 269
"D:/Users/seank/Desktop/MiracleJam/MiracleJam/GamJam/Content/StarterContent/Shapes/Shape_WideCapsule.uasset" 270
"D:/Users/seank/Desktop/MiracleJam/MiracleJam/GamJam/Content/ThirdPerson/Meshes/RampMaterial.uasset" 271
"D:/Users/seank/Desktop/MiracleJam/MiracleJam/GamJam/Content/ThirdPerson/Meshes/Bump_StaticMesh.uasset" 272
"D:/Users/seank/Desktop/MiracleJam/MiracleJam/GamJam/Content/ThirdPerson/Meshes/LeftArm_StaticMesh.uasset" 273
"D:/Users/seank/Desktop/MiracleJam/MiracleJam/GamJam/Content/ThirdPerson/Meshes/Linear_Stair_StaticMesh.uasset" 274
"D:/Users/seank/Desktop/MiracleJam/MiracleJam/GamJam/Content/ThirdPerson/Meshes/Ramp_StaticMesh.uasset" 275
"D:/Users/seank/Desktop/MiracleJam/MiracleJam/GamJam/Content/ThirdPerson/Meshes/RightArm_StaticMesh.uasset" 276
"D:/Users/seank/Desktop/MiracleJam/MiracleJam/GamJam/Content/ThirdPersonBP/ThirdPersonOverview.uasset" 277
"D:/Users/seank/Desktop/MiracleJam/MiracleJam/GamJam/Content/Mannequin/Character/Mesh/SK_Mannequin.uasset" 278
"D:/Users/seank/Desktop/MiracleJam/MiracleJam/GamJam/Content/ThirdPersonBP/Blueprints/ThirdPersonCharacter.uasset" 279
"D:/Users/seank/Desktop/MiracleJam/MiracleJam/GamJam/Content/UI/BP_Contols.uasset" 280
"D:/Users/seank/Desktop/MiracleJam/MiracleJam/GamJam/Content/UI/UI_sundialtest.uasset" 281
"D:/Users/seank/Desktop/MiracleJam/MiracleJam/GamJam/Content/UI/BP_SunDial.uasset" 282
"D:/Users/seank/Desktop/MiracleJam/MiracleJam/GamJam/Content/UI/PlayText.uasset" 283
"D:/Users/seank/Desktop/MiracleJam/MiracleJam/GamJam/Content/VFX/JumpSparkles/Sparkles.uasset" 284
"D:/Users/seank/Desktop/MiracleJam/MiracleJam/GamJam/Content/VFX/JumpSparkles/M_Sparkles.uasset" 285
"D:/Users/seank/Desktop/MiracleJam/MiracleJam/GamJam/Content/VFX/JumpSparkles/M_Sparkles_Inst.uasset" 286
"D:/Users/seank/Desktop/MiracleJam/MiracleJam/GamJam/Content/VFX/ProjectileTrail/M_ProjectileTrail.uasset" 287
"D:/Users/seank/Desktop/MiracleJam/MiracleJam/GamJam/Content/VFX/Sun/M_Eyes1_Inst1.uasset" 288
"D:/Users/seank/Desktop/MiracleJam/MiracleJam/GamJam/Content/VFX/Sundrops/NS_Sundrops1.uasset" 289
"../../../Engine/Content/Animation/DefaultAnimCurveCompressionSettings.uasset" 290
"../../../Engine/Content/EngineMaterials/WorldGridMaterial.uasset" 291
"../../../Engine/Content/ArtTools/RenderToTexture/Meshes/S_1_Unit_Plane.uasset" 292
"../../../Engine/Content/BasicShapes/Cylinder.uasset" 293
"../../../Engine/Content/EditorLandscapeResources/DataLayer.uasset" 294
"../../../Engine/Content/EditorMaterials/MAT_Groups_Toggle.uasset" 295
"../../../Engine/Content/EditorMaterials/MAT_Groups_Visibility.uasset" 296
"../../../Engine/Content/EditorMaterials/PreviewShadowIndicator.uasset" 297
"../../../Engine/Content/EditorMaterials/PreviewShadowIndicatorMaterial.uasset" 298
"../../../Engine/Content/EditorMaterials/MatineeGroups/MAT_ColorTrack.uasset" 299
"../../../Engine/Content/EditorMaterials/MatineeGroups/MAT_Groups_Anim.uasset" 300
"../../../Engine/Content/EditorMaterials/MatineeGroups/MAT_Groups_AudioMaster.uasset" 301
"../../../Engine/Content/EditorMaterials/MatineeGroups/MAT_Groups_Director.uasset" 302
"../../../Engine/Content/EditorMaterials/MatineeGroups/MAT_Groups_Event.uasset" 303
"../../../Engine/Content/EditorMaterials/MatineeGroups/MAT_Groups_Fade.uasset" 304
"../../../Engine/Content/EditorMaterials/MatineeGroups/MAT_Groups_Float.uasset" 305
"../../../Engine/Content/EditorMaterials/MatineeGroups/MAT_Groups_Move.uasset" 306
"../../../Engine/Content/EditorMaterials/MatineeGroups/MAT_Groups_Slomo.uasset" 307
"../../../Engine/Content/EditorMaterials/MatineeGroups/MAT_Groups_Sound.uasset" 308
"../../../Engine/Content/EditorMaterials/MatineeGroups/MAT_Groups_Vector.uasset" 309
"../../../Engine/Content/EditorMaterials/ParticleSystems/PSysThumbnail_NoImage.uasset" 310
"../../../Engine/Content/EditorMaterials/ParticleSystems/PSysThumbnail_OOD.uasset" 311
"../../../Engine/Content/EditorMaterials/Camera/CineMat.uasset" 312
"../../../Engine/Content/EditorMaterials/Camera/MI_CineMat_Rig.uasset" 313
"../../../Engine/Content/EditorMeshes/Camera/SM_CraneRig_Arm.uasset" 314
"../../../Engine/Content/EditorMeshes/Camera/SM_CraneRig_Base.uasset" 315
"../../../Engine/Content/EditorMeshes/Camera/SM_CraneRig_Body.uasset" 316
"../../../Engine/Content/EditorMeshes/Camera/SM_CraneRig_Mount.uasset" 317
"../../../Engine/Content/EditorMeshes/Camera/SM_RailRig_Mount.uasset" 318
"../../../Engine/Content/EditorMeshes/Camera/SM_RailRig_Track.uasset" 319
"../../../Engine/Content/EditorResources/BSPVertex.uasset" 320
"../../../Engine/Content/EditorResources/EmptyActor.uasset" 321
"../../../Engine/Content/EditorResources/S_Actor.uasset" 322
"../../../Engine/Content/EditorResources/S_Note.uasset" 323
"../../../Engine/Content/EditorResources/S_Solver.uasset" 324
"../../../Engine/Content/EditorResources/S_Trigger.uasset" 325
"../../../Engine/Content/EditorResources/AudioIcons/S_AudioComponent.uasset" 326
"../../../Engine/Content/EditorResources/AudioIcons/S_AudioComponent_AutoActivate.uasset" 327
"../../../Engine/Content/EditorResources/LightIcons/S_LightError.uasset" 328
"../../../Engine/Content/EditorResources/SequenceRecorder/Countdown.uasset" 329
"../../../Engine/Content/EditorResources/SequenceRecorder/RecordingIndicator.uasset" 330
"../../../Engine/Content/EditorSounds/Notifications/CompileFailed.uasset" 331
"../../../Engine/Content/EditorSounds/Notifications/CompileFailed_Cue.uasset" 332
"../../../Engine/Content/EditorSounds/Notifications/CompileSuccess.uasset" 333
"../../../Engine/Content/EditorSounds/Notifications/CompileStart_Cue.uasset" 334
"../../../Engine/Content/EditorSounds/Notifications/CompileSuccess_Cue.uasset" 335
"../../../Engine/Content/EngineDamageTypes/DmgTypeBP_Environmental.uasset" 336
"../../../Engine/Content/EngineDebugMaterials/DebugEditorMaterial.uasset" 337
"../../../Engine/Content/EngineDebugMaterials/DebugMeshMaterial.uasset" 338
"../../../Engine/Content/EngineDebugMaterials/M_SimpleUnlitTranslucent.uasset" 339
"../../../Engine/Content/Functions/Engine_MaterialFunctions02/Utility/CameraDirectionVector.uasset" 340
"../../../Engine/Content/EngineDebugMaterials/VolumeToRender.uasset" 341
"../../../Engine/Content/EngineDebugMaterials/M_VolumeRenderSphereTracePP.uasset" 342
"../../../Engine/Content/EngineDebugMaterials/WireframeMaterial.uasset" 343
"../../../Engine/Content/EngineFonts/Faces/DroidSansFallback.uasset" 344
"../../../Engine/Content/EngineFonts/Faces/RobotoBold.uasset" 345
"../../../Engine/Content/EngineFonts/Faces/RobotoBoldItalic.uasset" 346
"../../../Engine/Content/EngineFonts/Faces/RobotoItalic.uasset" 347
"../../../Engine/Content/EngineFonts/Faces/RobotoLight.uasset" 348
"../../../Engine/Content/EngineFonts/Faces/RobotoRegular.uasset" 349
"../../../Engine/Content/EngineFonts/Roboto.uasset" 350
"../../../Engine/Content/EngineMaterials/BaseFlattenDiffuseMap.uasset" 351
"../../../Engine/Content/EngineMaterials/BaseFlattenEmissiveMap.uasset" 352
"../../../Engine/Content/EngineMaterials/BaseFlattenGrayscaleMap.uasset" 353
"../../../Engine/Content/EngineMaterials/BaseFlattenNormalMap.uasset" 354
"../../../Engine/Content/EngineMaterials/BaseFlattenMaterial.uasset" 355
"../../../Engine/Content/EngineMaterials/BlueNoise.uasset" 356
"../../../Engine/Content/EngineMaterials/DefaultBloomKernel.uasset" 357
"../../../Engine/Content/EngineMaterials/DefaultBokeh.uasset" 358
"../../../Engine/Content/EngineMaterials/DefaultDeferredDecalMaterial.uasset" 359
"../../../Engine/Content/EngineMaterials/DefaultLightFunctionMaterial.uasset" 360
"../../../Engine/Content/Functions/Engine_MaterialFunctions02/Utility/BreakOutFloat2Components.uasset" 361
"../../../Engine/Content/EngineMaterials/DefaultPostProcessMaterial.uasset" 362
"../../../Engine/Content/EngineFonts/RobotoDistanceField.uasset" 363
"../../../Engine/Content/EngineMaterials/DefaultTextMaterialOpaque.uasset" 364
"../../../Engine/Content/EngineMaterials/DefaultWhiteGrid.uasset" 365
"../../../Engine/Content/EngineMaterials/DefaultWhiteGrid_Low.uasset" 366
"../../../Engine/Content/EngineMaterials/EmissiveMeshMaterial.uasset" 367
"../../../Engine/Content/EngineMaterials/GizmoMaterial.uasset" 368
"../../../Engine/Content/EngineMaterials/Good64x64TilingNoiseHighFreq.uasset" 369
"../../../Engine/Content/EngineMaterials/MiniFont.uasset" 370
"../../../Engine/Content/EngineMaterials/InvalidLightmapSettings.uasset" 371
"../../../Engine/Content/EngineMaterials/M_InvalidLightmapSettings.uasset" 372
"../../../Engine/Content/Functions/Engine_MaterialFunctions02/WorldPositionOffset/CameraOffset.uasset" 373
"../../../Engine/Content/EngineMaterials/PhAT_JointLimitMaterial.uasset" 374
"../../../Engine/Content/EngineMaterials/PreintegratedSkinBRDF.uasset" 375
"../../../Engine/Content/EngineMaterials/RemoveSurfaceMaterial.uasset" 376
"../../../Engine/Content/EngineResources/WhiteSquareTexture.uasset" 377
"../../../Engine/Content/EngineMaterials/Widget3DPassThrough.uasset" 378
"../../../Engine/Content/EngineMaterials/Widget3DPassThrough_Masked.uasset" 379
"../../../Engine/Content/EngineMaterials/Widget3DPassThrough_Opaque.uasset" 380
"../../../Engine/Content/EngineMaterials/Widget3DPassThrough_Masked_OneSided.uasset" 381
"../../../Engine/Content/EngineMaterials/Widget3DPassThrough_Opaque_OneSided.uasset" 382
"../../../Engine/Content/EngineMaterials/Widget3DPassThrough_Translucent.uasset" 383
"../../../Engine/Content/EngineMaterials/Widget3DPassThrough_Translucent_OneSided.uasset" 384
"../../../Engine/Content/EngineMeshes/Cylinder.uasset" 385
"../../../Engine/Content/EngineMeshes/Sphere.uasset" 386
"../../../Engine/Content/EngineResources/Black.uasset" 387
"../../../Engine/Content/EngineResources/DefaultTextureCube.uasset" 388
"../../../Engine/Content/EngineResources/DefaultVolumeTexture2D.uasset" 389
"../../../Engine/Content/EngineResources/DefaultVolumeTexture.uasset" 390
"../../../Engine/Content/EngineResources/GradientTexture0.uasset" 391
"../../../Engine/Content/EngineSounds/Master.uasset" 392
"../../../Engine/Content/Functions/Engine_MaterialFunctions01/Shading/ConvertFromDiffSpec.uasset" 393
"../../../Engine/Content/Functions/Engine_MaterialFunctions01/Shading/PowerToRoughness.uasset" 394
"../../../Engine/Content/Maps/Templates/Thumbnails/Default.uasset" 395
"../../../Engine/Content/Maps/Templates/Thumbnails/TimeOfDay.uasset" 396
"../../../Engine/Content/Maps/Templates/Thumbnails/VR-Basic.uasset" 397
"../../../Engine/Content/MobileResources/T_MobileControls_texture.uasset" 398
"../../../Engine/Content/MobileResources/T_MobileMenu2.uasset" 399
"../../../Engine/Content/MobileResources/HUD/AnalogHat.uasset" 400
"../../../Engine/Content/MobileResources/HUD/VirtualJoystick_Background.uasset" 401
"../../../Engine/Content/MobileResources/HUD/VirtualJoystick_Thumb.uasset" 402
"../../../Engine/Content/MobileResources/HUD/DefaultVirtualJoysticks.uasset" 403
"../../../Engine/Content/MobileResources/HUD/LeftVirtualJoystickOnly.uasset" 404
"../../../Engine/Content/MobileResources/HUD/MobileHUDButton1_off.uasset" 405
"../../../Engine/Content/MobileResources/HUD/MobileHUDButton1_on.uasset" 406
"../../../Engine/Content/MobileResources/HUD/MobileHUDButton2_off.uasset" 407
"../../../Engine/Content/MobileResources/HUD/MobileHUDButton2_on.uasset" 408
"../../../Engine/Content/MobileResources/HUD/MobileHUDButton3.uasset" 409
"../../../Engine/Content/MobileResources/HUD/MobileHUDButtonFire.uasset" 410
"../../../Engine/Content/MobileResources/HUD/MobileHUDDirectionPad.uasset" 411
"../../../Engine/Content/MobileResources/HUD/MobileHUDDirectionPad2.uasset" 412
"../../../Engine/Content/MobileResources/HUD/MobileHUDDirectionPad3.uasset" 413
"../../../Engine/Content/MobileResources/HUD/MobileHUDDirectionStick.uasset" 414
"../../../Engine/Content/MobileResources/HUD/T_Castle_ThumbstickInner.uasset" 415
"../../../Engine/Content/MobileResources/HUD/T_Castle_ThumbstickOutter.uasset" 416
"../../../Engine/Content/Tutorial/ContentIntroCurve.uasset" 417
"../../../Engine/Content/Tutorial/Basics/LevelEditorAttract.uasset" 418
"../../../Engine/Content/Tutorial/Installation/InstallingVisualStudioTutorial.uasset" 419
"../../../Engine/Content/VREditor/LaserPointer/VR_LaserPower_01.uasset" 420
"../../../Engine/Content/VREditor/TransformGizmo/TransformGizmoMaterial.uasset" 421
"../../../Engine/Content/VREditor/TransformGizmo/TranslucentTransformGizmoMaterial.uasset" 422
"../../../Engine/Content/VREditor/TransformGizmo/BoundingBoxCorner.uasset" 423
"../../../Engine/Content/VREditor/TransformGizmo/BoundingBoxEdge.uasset" 424
"../../../Engine/Content/VREditor/TransformGizmo/PlaneTranslationHandle.uasset" 425
"../../../Engine/Content/VREditor/TransformGizmo/Main.uasset" 426
"../../../Engine/Content/VREditor/TransformGizmo/Xray.uasset" 427
"../../../Engine/Content/VREditor/TransformGizmo/SM_Sequencer_Key.uasset" 428
"../../../Engine/Content/VREditor/TransformGizmo/SM_Sequencer_Node.uasset" 429
"../../Plugins/2D/Paper2D/Content/PlaceholderTextures/DummySpriteTexture.uasset" 430
"../../Plugins/2D/Paper2D/Content/DummySprite.uasset" 431
"../../Plugins/2D/Paper2D/Content/DefaultPaperTerrainMaterial.uasset" 432
"../../Plugins/2D/Paper2D/Content/DefaultSpriteMaterial.uasset" 433
"../../Plugins/2D/Paper2D/Content/MaskedUnlitSpriteMaterial.uasset" 434
"../../Plugins/2D/Paper2D/Content/OpaqueUnlitSpriteMaterial.uasset" 435
"../../Plugins/FX/Niagara/Content/Enums/ENiagaraBooleanLogicOps.uasset" 436
"../../Plugins/Runtime/HoudiniEngine/Content/houdini_bgeo_import.uasset" 437
"../../Plugins/Runtime/HoudiniEngine/Content/houdini_default_material.uasset" 438
"../../Plugins/Runtime/HoudiniEngine/Content/houdini_logo.uasset" 439
"../../../Engine/Content/Functions/Engine_MaterialFunctions02/Utility/BreakOutFloat4Components.uasset" 440
"../../../Engine/Content/Functions/Engine_MaterialFunctions02/Utility/MakeFloat2.uasset" 441
"../../../Engine/Content/Functions/Engine_MaterialFunctions02/Utility/MakeFloat3.uasset" 442
"../../Plugins/Runtime/Oculus/OculusVR/Content/Materials/OculusMR_ChromaKey.uasset" 443
"../../Plugins/Runtime/Oculus/OculusVR/Content/Materials/OculusMR_ChromaKey_Lit.uasset" 444
"../../Plugins/Runtime/Oculus/OculusVR/Content/Materials/OculusMR_OpaqueColoredMaterial.uasset" 445
"../../Plugins/Runtime/Oculus/OculusVR/Content/Materials/OculusMR_WhiteMaterial.uasset" 446
"D:/Users/seank/Desktop/MiracleJam/MiracleJam/GamJam/Content/RollingBP/Maps/LobbyMenu.uasset" 447
"D:/Users/seank/Desktop/MiracleJam/MiracleJam/GamJam/Content/RollingBP/Maps/LobbyCharacter.uasset" 448
"D:/Users/seank/Desktop/MiracleJam/MiracleJam/GamJam/Content/RollingBP/Maps/lobbyGameMode.uasset" 449
"D:/Users/seank/Desktop/MiracleJam/MiracleJam/GamJam/Content/RollingBP/Maps/Lobby.umap" 450
"../../../Engine/Content/EngineSky/C_Sky_Cloud_Color.uasset" 451
"../../../Engine/Content/EngineSky/C_Sky_Horizon_Color.uasset" 452
"../../../Engine/Content/EngineSky/C_Sky_Zenith_Color.uasset" 453
"../../../Engine/Content/EngineSky/T_Sky_Blue.uasset" 454
"../../../Engine/Content/EngineSky/T_Sky_Clouds_M.uasset" 455
"../../../Engine/Content/EngineSky/T_Sky_Stars.uasset" 456
"../../../Engine/Content/EngineSky/M_Sky_Panning_Clouds2.uasset" 457
"../../../Engine/Content/EngineSky/SM_SkySphere.uasset" 458
"../../../Engine/Content/EngineSky/BP_Sky_Sphere.uasset" 459
"../../../Engine/Content/EngineMaterials/Grid.uasset" 460
"D:/Users/seank/Desktop/MiracleJam/MiracleJam/GamJam/Content/Rolling/Materials/PM_Ball.uasset" 461
"D:/Users/seank/Desktop/MiracleJam/MiracleJam/GamJam/Content/Rolling/Materials/M_Blue_Checker.uasset" 462
"D:/Users/seank/Desktop/MiracleJam/MiracleJam/GamJam/Content/Rolling/Meshes/BallMesh.uasset" 463
"D:/Users/seank/Desktop/MiracleJam/MiracleJam/GamJam/Content/RollingBP/Blueprints/PhysicsBallBP.uasset" 464
"D:/Users/seank/Desktop/MiracleJam/MiracleJam/GamJam/Content/RollingBP/Blueprints/RollingGameMode.uasset" 465
"D:/Users/seank/Desktop/MiracleJam/MiracleJam/GamJam/Content/Rolling/Materials/BaseMaterial.uasset" 466
"D:/Users/seank/Desktop/MiracleJam/MiracleJam/GamJam/Content/Rolling/Materials/GrayMaterial.uasset" 467
"D:/Users/seank/Desktop/MiracleJam/MiracleJam/GamJam/Content/Rolling/Materials/GrayMetalMaterial.uasset" 468
"D:/Users/seank/Desktop/MiracleJam/MiracleJam/GamJam/Content/Rolling/Materials/OrangeMetalMaterial.uasset" 469
"D:/Users/seank/Desktop/MiracleJam/MiracleJam/GamJam/Content/Geometry/Meshes/CubeMaterial.uasset" 470
"D:/Users/seank/Desktop/MiracleJam/MiracleJam/GamJam/Content/Geometry/Meshes/1M_Cube.uasset" 471
"D:/Users/seank/Desktop/MiracleJam/MiracleJam/GamJam/Content/Geometry/Meshes/1M_Cube_Chamfer.uasset" 472
"D:/Users/seank/Desktop/MiracleJam/MiracleJam/GamJam/Content/Geometry/Meshes/TemplateFloor.uasset" 473
"D:/Users/seank/Desktop/MiracleJam/MiracleJam/GamJam/Content/RollingBP/Maps/RollingBPExampleMap.umap" 474
"D:/Users/seank/Desktop/MiracleJam/MiracleJam/GamJam/Content/StarterContent/Blueprints/Assets/FogBrightnessLUT.uasset" 475
"D:/Users/seank/Desktop/MiracleJam/MiracleJam/GamJam/Content/StarterContent/Blueprints/Assets/SunlightColorLUT.uasset" 476
"D:/Users/seank/Desktop/MiracleJam/MiracleJam/GamJam/Content/StarterContent/Blueprints/Assets/M_LightStage_Arrows.uasset" 477
"../../../Engine/Content/MapTemplates/Sky/DaylightAmbientCubemap.uasset" 478
"D:/Users/seank/Desktop/MiracleJam/MiracleJam/GamJam/Content/StarterContent/Blueprints/Assets/M_LightStage_Skybox_Master.uasset" 479
"D:/Users/seank/Desktop/MiracleJam/MiracleJam/GamJam/Content/StarterContent/Blueprints/Assets/M_LightStage_Skybox_Black.uasset" 480
"D:/Users/seank/Desktop/MiracleJam/MiracleJam/GamJam/Content/StarterContent/Blueprints/Assets/M_LightStage_Skybox_HDRI.uasset" 481
"../../../Engine/Content/EditorMaterials/Thumbnails/SkySphereMaterial.uasset" 482
"D:/Users/seank/Desktop/MiracleJam/MiracleJam/GamJam/Content/StarterContent/Blueprints/Assets/Skybox.uasset" 483
"D:/Users/seank/Desktop/MiracleJam/MiracleJam/GamJam/Content/StarterContent/Blueprints/Assets/SM_Arrows.uasset" 484
"D:/Users/seank/Desktop/MiracleJam/MiracleJam/GamJam/Content/StarterContent/HDRI/HDRI_Epic_Courtyard_Daylight.uasset" 485
"D:/Users/seank/Desktop/MiracleJam/MiracleJam/GamJam/Content/StarterContent/Blueprints/BP_LightStudio.uasset" 486
"D:/Users/seank/Desktop/MiracleJam/MiracleJam/GamJam/Content/StarterContent/Maps/Advanced_Lighting_BuiltData.uasset" 487
"D:/Users/seank/Desktop/MiracleJam/MiracleJam/GamJam/Content/StarterContent/Materials/M_AssetPlatform.uasset" 488
"../../../Engine/Content/EditorMeshes/ColorCalibrator/M_ChromeBall.uasset" 489
"../../../Engine/Content/EditorMeshes/ColorCalibrator/M_ClearCoat.uasset" 490
"../../../Engine/Content/EditorMeshes/ColorCalibrator/M_ClearCoatBlack.uasset" 491
"../../../Engine/Content/EditorMeshes/ColorCalibrator/Color_checker.uasset" 492
"../../../Engine/Content/EditorMeshes/ColorCalibrator/M_ColorGrid.uasset" 493
"../../../Engine/Content/EditorMeshes/ColorCalibrator/M_GreyBall.uasset" 494
"../../../Engine/Content/EditorMeshes/ColorCalibrator/SM_ColorCalibrator.uasset" 495
"D:/Users/seank/Desktop/MiracleJam/MiracleJam/GamJam/Content/StarterContent/Architecture/SM_AssetPlatform.uasset" 496
"D:/Users/seank/Desktop/MiracleJam/MiracleJam/GamJam/Content/StarterContent/Maps/Advanced_Lighting.umap" 497
"D:/Users/seank/Desktop/MiracleJam/MiracleJam/GamJam/Content/StarterContent/Maps/Minimal_Default_BuiltData.uasset" 498
"D:/Users/seank/Desktop/MiracleJam/MiracleJam/GamJam/Content/StarterContent/Textures/T_MacroVariation.uasset" 499
"D:/Users/seank/Desktop/MiracleJam/MiracleJam/GamJam/Content/StarterContent/Materials/M_Metal_Brushed_Nickel.uasset" 500
"D:/Users/seank/Desktop/MiracleJam/MiracleJam/GamJam/Content/StarterContent/Textures/T_Metal_Aluminum_D.uasset" 501
"D:/Users/seank/Desktop/MiracleJam/MiracleJam/GamJam/Content/StarterContent/Textures/T_Metal_Gold_N.uasset" 502
"D:/Users/seank/Desktop/MiracleJam/MiracleJam/GamJam/Content/StarterContent/Materials/M_Metal_Burnished_Steel.uasset" 503
"D:/Users/seank/Desktop/MiracleJam/MiracleJam/GamJam/Content/StarterContent/Textures/T_Metal_Copper_D.uasset" 504
"D:/Users/seank/Desktop/MiracleJam/MiracleJam/GamJam/Content/StarterContent/Materials/M_Metal_Copper.uasset" 505
"D:/Users/seank/Desktop/MiracleJam/MiracleJam/GamJam/Content/StarterContent/Textures/T_Statue_M.uasset" 506
"D:/Users/seank/Desktop/MiracleJam/MiracleJam/GamJam/Content/StarterContent/Textures/T_Statue_N.uasset" 507
"D:/Users/seank/Desktop/MiracleJam/MiracleJam/GamJam/Content/StarterContent/Props/Materials/M_StatueGlass.uasset" 508
"D:/Users/seank/Desktop/MiracleJam/MiracleJam/GamJam/Content/StarterContent/Architecture/Floor_400x400.uasset" 509
"D:/Users/seank/Desktop/MiracleJam/MiracleJam/GamJam/Content/StarterContent/Audio/Starter_Background_Cue.uasset" 510
"D:/Users/seank/Desktop/MiracleJam/MiracleJam/GamJam/Content/StarterContent/Props/SM_Chair.uasset" 511
"D:/Users/seank/Desktop/MiracleJam/MiracleJam/GamJam/Content/StarterContent/Props/Materials/M_Statue.uasset" 512
"D:/Users/seank/Desktop/MiracleJam/MiracleJam/GamJam/Content/StarterContent/Props/SM_Statue.uasset" 513
"D:/Users/seank/Desktop/MiracleJam/MiracleJam/GamJam/Content/StarterContent/Textures/T_TableRound_M.uasset" 514
"D:/Users/seank/Desktop/MiracleJam/MiracleJam/GamJam/Content/StarterContent/Textures/T_TableRound_N.uasset" 515
"D:/Users/seank/Desktop/MiracleJam/MiracleJam/GamJam/Content/StarterContent/Props/Materials/M_TableRound.uasset" 516
"D:/Users/seank/Desktop/MiracleJam/MiracleJam/GamJam/Content/StarterContent/Props/SM_TableRound.uasset" 517
"D:/Users/seank/Desktop/MiracleJam/MiracleJam/GamJam/Content/StarterContent/Maps/Minimal_Default.umap" 518
"D:/Users/seank/Desktop/MiracleJam/MiracleJam/GamJam/Content/StarterContent/Audio/Fire01_Cue.uasset" 519
"D:/Users/seank/Desktop/MiracleJam/MiracleJam/GamJam/Content/StarterContent/Textures/T_Fire_SubUV.uasset" 520
"D:/Users/seank/Desktop/MiracleJam/MiracleJam/GamJam/Content/StarterContent/Textures/T_Fire_Tiled_D.uasset" 521
"D:/Users/seank/Desktop/MiracleJam/MiracleJam/GamJam/Content/StarterContent/Particles/Materials/M_Fire_SubUV.uasset" 522
"D:/Users/seank/Desktop/MiracleJam/MiracleJam/GamJam/Content/StarterContent/Textures/T_Water_N.uasset" 523
"D:/Users/seank/Desktop/MiracleJam/MiracleJam/GamJam/Content/StarterContent/Particles/Materials/M_Heat_Distortion.uasset" 524
"D:/Users/seank/Desktop/MiracleJam/MiracleJam/GamJam/Content/StarterContent/Particles/Materials/M_Radial_Gradient.uasset" 525
"D:/Users/seank/Desktop/MiracleJam/MiracleJam/GamJam/Content/StarterContent/Particles/P_Fire.uasset" 526
"D:/Users/seank/Desktop/MiracleJam/MiracleJam/GamJam/Content/StarterContent/Blueprints/Blueprint_Effect_Fire.uasset" 527
"D:/Users/seank/Desktop/MiracleJam/MiracleJam/GamJam/Content/StarterContent/Audio/Smoke01_Cue.uasset" 528
"D:/Users/seank/Desktop/MiracleJam/MiracleJam/GamJam/Content/StarterContent/Particles/P_Smoke.uasset" 529
"D:/Users/seank/Desktop/MiracleJam/MiracleJam/GamJam/Content/StarterContent/Blueprints/Blueprint_Effect_Smoke.uasset" 530
"D:/Users/seank/Desktop/MiracleJam/MiracleJam/GamJam/Content/StarterContent/Audio/Fire_Sparks01_Cue.uasset" 531
"D:/Users/seank/Desktop/MiracleJam/MiracleJam/GamJam/Content/StarterContent/Textures/T_Spark_Core.uasset" 532
"D:/Users/seank/Desktop/MiracleJam/MiracleJam/GamJam/Content/StarterContent/Particles/Materials/M_Spark.uasset" 533
"D:/Users/seank/Desktop/MiracleJam/MiracleJam/GamJam/Content/StarterContent/Particles/P_Sparks.uasset" 534
"D:/Users/seank/Desktop/MiracleJam/MiracleJam/GamJam/Content/StarterContent/Blueprints/Blueprint_Effect_Sparks.uasset" 535
"D:/Users/seank/Desktop/MiracleJam/MiracleJam/GamJam/Content/StarterContent/Audio/Steam01_Cue.uasset" 536
"D:/Users/seank/Desktop/MiracleJam/MiracleJam/GamJam/Content/StarterContent/Particles/P_Steam_Lit.uasset" 537
"D:/Users/seank/Desktop/MiracleJam/MiracleJam/GamJam/Content/StarterContent/Blueprints/Blueprint_Effect_Steam.uasset" 538
"D:/Users/seank/Desktop/MiracleJam/MiracleJam/GamJam/Content/StarterContent/Textures/T_Lamp_M.uasset" 539
"D:/Users/seank/Desktop/MiracleJam/MiracleJam/GamJam/Content/StarterContent/Textures/T_Lamp_N.uasset" 540
"D:/Users/seank/Desktop/MiracleJam/MiracleJam/GamJam/Content/StarterContent/Props/Materials/M_Lamp.uasset" 541
"D:/Users/seank/Desktop/MiracleJam/MiracleJam/GamJam/Content/StarterContent/Props/SM_Lamp_Ceiling.uasset" 542
"D:/Users/seank/Desktop/MiracleJam/MiracleJam/GamJam/Content/StarterContent/Blueprints/Blueprint_CeilingLight.uasset" 543
"D:/Users/seank/Desktop/MiracleJam/MiracleJam/GamJam/Content/StarterContent/Props/SM_Lamp_Wall.uasset" 544
"D:/Users/seank/Desktop/MiracleJam/MiracleJam/GamJam/Content/StarterContent/Blueprints/Blueprint_WallSconce.uasset" 545
"D:/Users/seank/Desktop/MiracleJam/MiracleJam/GamJam/Content/StarterContent/Maps/StarterMap_BuiltData.uasset" 546
"../../../Engine/Content/Functions/Engine_MaterialFunctions03/Procedurals/ComputeFilterWidth.uasset" 547
"../../../Engine/Content/EngineMaterials/AntiAliasedTextMaterialTranslucent.uasset" 548
"D:/Users/seank/Desktop/MiracleJam/MiracleJam/GamJam/Content/StarterContent/Textures/T_Brick_Clay_Beveled_D.uasset" 549
"D:/Users/seank/Desktop/MiracleJam/MiracleJam/GamJam/Content/StarterContent/Textures/T_Brick_Clay_Beveled_M.uasset" 550
"D:/Users/seank/Desktop/MiracleJam/MiracleJam/GamJam/Content/StarterContent/Textures/T_Brick_Clay_Beveled_N.uasset" 551
"D:/Users/seank/Desktop/MiracleJam/MiracleJam/GamJam/Content/StarterContent/Materials/M_Brick_Clay_Beveled.uasset" 552
"D:/Users/seank/Desktop/MiracleJam/MiracleJam/GamJam/Content/StarterContent/Textures/T_Brick_Clay_New_D.uasset" 553
"D:/Users/seank/Desktop/MiracleJam/MiracleJam/GamJam/Content/StarterContent/Textures/T_Brick_Clay_New_M.uasset" 554
"D:/Users/seank/Desktop/MiracleJam/MiracleJam/GamJam/Content/StarterContent/Textures/T_Brick_Clay_New_N.uasset" 555
"D:/Users/seank/Desktop/MiracleJam/MiracleJam/GamJam/Content/StarterContent/Materials/M_Brick_Clay_New.uasset" 556
"D:/Users/seank/Desktop/MiracleJam/MiracleJam/GamJam/Content/StarterContent/Textures/T_Brick_Clay_Old_D.uasset" 557
"D:/Users/seank/Desktop/MiracleJam/MiracleJam/GamJam/Content/StarterContent/Textures/T_Brick_Clay_Old_N.uasset" 558
"D:/Users/seank/Desktop/MiracleJam/MiracleJam/GamJam/Content/StarterContent/Textures/T_Perlin_Noise_M.uasset" 559
"D:/Users/seank/Desktop/MiracleJam/MiracleJam/GamJam/Content/StarterContent/Materials/M_Brick_Clay_Old.uasset" 560
"D:/Users/seank/Desktop/MiracleJam/MiracleJam/GamJam/Content/StarterContent/Textures/T_Brick_Cut_Stone_D.uasset" 561
"D:/Users/seank/Desktop/MiracleJam/MiracleJam/GamJam/Content/StarterContent/Textures/T_Brick_Cut_Stone_N.uasset" 562
"D:/Users/seank/Desktop/MiracleJam/MiracleJam/GamJam/Content/StarterContent/Materials/M_Brick_Cut_Stone.uasset" 563
"D:/Users/seank/Desktop/MiracleJam/MiracleJam/GamJam/Content/StarterContent/Textures/T_Brick_Hewn_Stone_D.uasset" 564
"D:/Users/seank/Desktop/MiracleJam/MiracleJam/GamJam/Content/StarterContent/Textures/T_Brick_Hewn_Stone_M.uasset" 565
"D:/Users/seank/Desktop/MiracleJam/MiracleJam/GamJam/Content/StarterContent/Textures/T_Brick_Hewn_Stone_N.uasset" 566
"D:/Users/seank/Desktop/MiracleJam/MiracleJam/GamJam/Content/StarterContent/Materials/M_Brick_Hewn_Stone.uasset" 567
"D:/Users/seank/Desktop/MiracleJam/MiracleJam/GamJam/Content/StarterContent/Textures/T_Ceramic_Tile_M.uasset" 568
"D:/Users/seank/Desktop/MiracleJam/MiracleJam/GamJam/Content/StarterContent/Textures/T_Ceramic_Tile_N.uasset" 569
"D:/Users/seank/Desktop/MiracleJam/MiracleJam/GamJam/Content/StarterContent/Textures/T_Rock_Marble_Polished_D.uasset" 570
"D:/Users/seank/Desktop/MiracleJam/MiracleJam/GamJam/Content/StarterContent/Materials/M_Ceramic_Tile_Checker.uasset" 571
"D:/Users/seank/Desktop/MiracleJam/MiracleJam/GamJam/Content/StarterContent/Textures/T_CobbleStone_Pebble_D.uasset" 572
"D:/Users/seank/Desktop/MiracleJam/MiracleJam/GamJam/Content/StarterContent/Textures/T_CobbleStone_Pebble_M.uasset" 573
"D:/Users/seank/Desktop/MiracleJam/MiracleJam/GamJam/Content/StarterContent/Textures/T_CobbleStone_Pebble_N.uasset" 574
"D:/Users/seank/Desktop/MiracleJam/MiracleJam/GamJam/Content/StarterContent/Materials/M_CobbleStone_Pebble.uasset" 575
"D:/Users/seank/Desktop/MiracleJam/MiracleJam/GamJam/Content/StarterContent/Textures/T_CobbleStone_Rough_D.uasset" 576
"D:/Users/seank/Desktop/MiracleJam/MiracleJam/GamJam/Content/StarterContent/Textures/T_CobbleStone_Rough_N.uasset" 577
"D:/Users/seank/Desktop/MiracleJam/MiracleJam/GamJam/Content/StarterContent/Textures/T_Gradinet_01.uasset" 578
"D:/Users/seank/Desktop/MiracleJam/MiracleJam/GamJam/Content/StarterContent/Textures/T_Rock_Smooth_Granite_D.uasset" 579
"D:/Users/seank/Desktop/MiracleJam/MiracleJam/GamJam/Content/StarterContent/Materials/M_CobbleStone_Rough.uasset" 580
"D:/Users/seank/Desktop/MiracleJam/MiracleJam/GamJam/Content/StarterContent/Textures/T_CobbleStone_Smooth_D.uasset" 581
"D:/Users/seank/Desktop/MiracleJam/MiracleJam/GamJam/Content/StarterContent/Textures/T_CobbleStone_Smooth_M.uasset" 582
"D:/Users/seank/Desktop/MiracleJam/MiracleJam/GamJam/Content/StarterContent/Textures/T_CobbleStone_Smooth_N.uasset" 583
"D:/Users/seank/Desktop/MiracleJam/MiracleJam/GamJam/Content/StarterContent/Materials/M_CobbleStone_Smooth.uasset" 584
"D:/Users/seank/Desktop/MiracleJam/MiracleJam/GamJam/Content/StarterContent/Textures/T_Concrete_Grime_D.uasset" 585
"D:/Users/seank/Desktop/MiracleJam/MiracleJam/GamJam/Content/StarterContent/Textures/T_Metal_Rust_N.uasset" 586
"D:/Users/seank/Desktop/MiracleJam/MiracleJam/GamJam/Content/StarterContent/Materials/M_Concrete_Grime.uasset" 587
"D:/Users/seank/Desktop/MiracleJam/MiracleJam/GamJam/Content/StarterContent/Textures/T_Concrete_Panels_D.uasset" 588
"D:/Users/seank/Desktop/MiracleJam/MiracleJam/GamJam/Content/StarterContent/Textures/T_Concrete_Panels_N.uasset" 589
"D:/Users/seank/Desktop/MiracleJam/MiracleJam/GamJam/Content/StarterContent/Materials/M_Concrete_Panels.uasset" 590
"D:/Users/seank/Desktop/MiracleJam/MiracleJam/GamJam/Content/StarterContent/Textures/T_Concrete_Poured_D.uasset" 591
"D:/Users/seank/Desktop/MiracleJam/MiracleJam/GamJam/Content/StarterContent/Textures/T_Concrete_Poured_N.uasset" 592
"D:/Users/seank/Desktop/MiracleJam/MiracleJam/GamJam/Content/StarterContent/Materials/M_Concrete_Poured.uasset" 593
"D:/Users/seank/Desktop/MiracleJam/MiracleJam/GamJam/Content/StarterContent/Textures/T_Concrete_Tiles_D.uasset" 594
"D:/Users/seank/Desktop/MiracleJam/MiracleJam/GamJam/Content/StarterContent/Textures/T_Concrete_Tiles_M.uasset" 595
"D:/Users/seank/Desktop/MiracleJam/MiracleJam/GamJam/Content/StarterContent/Textures/T_Concrete_Tiles_N.uasset" 596
"D:/Users/seank/Desktop/MiracleJam/MiracleJam/GamJam/Content/StarterContent/Textures/T_Concrete_Tiles_Variation_M.uasset" 597
"D:/Users/seank/Desktop/MiracleJam/MiracleJam/GamJam/Content/StarterContent/Materials/M_Concrete_Tiles.uasset" 598
"D:/Users/seank/Desktop/MiracleJam/MiracleJam/GamJam/Content/StarterContent/Textures/T_Ground_Grass_D.uasset" 599
"D:/Users/seank/Desktop/MiracleJam/MiracleJam/GamJam/Content/StarterContent/Textures/T_Ground_Grass_N.uasset" 600
"D:/Users/seank/Desktop/MiracleJam/MiracleJam/GamJam/Content/StarterContent/Materials/M_Ground_Grass.uasset" 601
"D:/Users/seank/Desktop/MiracleJam/MiracleJam/GamJam/Content/StarterContent/Textures/T_Ground_Gravel_D.uasset" 602
"D:/Users/seank/Desktop/MiracleJam/MiracleJam/GamJam/Content/StarterContent/Textures/T_Ground_Gravel_N.uasset" 603
"D:/Users/seank/Desktop/MiracleJam/MiracleJam/GamJam/Content/StarterContent/Materials/M_Ground_Gravel.uasset" 604
"D:/Users/seank/Desktop/MiracleJam/MiracleJam/GamJam/Content/StarterContent/Textures/T_ground_Moss_D.uasset" 605
"D:/Users/seank/Desktop/MiracleJam/MiracleJam/GamJam/Content/StarterContent/Textures/T_Ground_Moss_N.uasset" 606
"D:/Users/seank/Desktop/MiracleJam/MiracleJam/GamJam/Content/StarterContent/Materials/M_Ground_Moss.uasset" 607
"D:/Users/seank/Desktop/MiracleJam/MiracleJam/GamJam/Content/StarterContent/Materials/M_Metal_Chrome.uasset" 608
"D:/Users/seank/Desktop/MiracleJam/MiracleJam/GamJam/Content/StarterContent/Textures/T_Metal_Gold_D.uasset" 609
"D:/Users/seank/Desktop/MiracleJam/MiracleJam/GamJam/Content/StarterContent/Materials/M_Metal_Gold.uasset" 610
"D:/Users/seank/Desktop/MiracleJam/MiracleJam/GamJam/Content/StarterContent/Textures/T_Metal_Rust_D.uasset" 611
"D:/Users/seank/Desktop/MiracleJam/MiracleJam/GamJam/Content/StarterContent/Materials/M_Metal_Rust.uasset" 612
"D:/Users/seank/Desktop/MiracleJam/MiracleJam/GamJam/Content/StarterContent/Textures/T_Metal_Steel_D.uasset" 613
"D:/Users/seank/Desktop/MiracleJam/MiracleJam/GamJam/Content/StarterContent/Textures/T_Metal_Steel_N.uasset" 614
"D:/Users/seank/Desktop/MiracleJam/MiracleJam/GamJam/Content/StarterContent/Materials/M_Metal_Steel.uasset" 615
"D:/Users/seank/Desktop/MiracleJam/MiracleJam/GamJam/Content/StarterContent/Textures/T_Rock_Basalt_N.uasset" 616
"D:/Users/seank/Desktop/MiracleJam/MiracleJam/GamJam/Content/StarterContent/Materials/M_Rock_Basalt.uasset" 617
"D:/Users/seank/Desktop/MiracleJam/MiracleJam/GamJam/Content/StarterContent/Materials/M_Rock_Marble_Polished.uasset" 618
"D:/Users/seank/Desktop/MiracleJam/MiracleJam/GamJam/Content/StarterContent/Textures/T_Rock_Sandstone_D.uasset" 619
"D:/Users/seank/Desktop/MiracleJam/MiracleJam/GamJam/Content/StarterContent/Textures/T_Rock_Sandstone_N.uasset" 620
"D:/Users/seank/Desktop/MiracleJam/MiracleJam/GamJam/Content/StarterContent/Materials/M_Rock_Sandstone.uasset" 621
"D:/Users/seank/Desktop/MiracleJam/MiracleJam/GamJam/Content/StarterContent/Textures/T_Rock_Slate_D.uasset" 622
"D:/Users/seank/Desktop/MiracleJam/MiracleJam/GamJam/Content/StarterContent/Textures/T_Rock_Slate_N.uasset" 623
"D:/Users/seank/Desktop/MiracleJam/MiracleJam/GamJam/Content/StarterContent/Materials/M_Rock_Slate.uasset" 624
"D:/Users/seank/Desktop/MiracleJam/MiracleJam/GamJam/Content/StarterContent/Textures/T_Checker_Noise_M.uasset" 625
"D:/Users/seank/Desktop/MiracleJam/MiracleJam/GamJam/Content/StarterContent/Textures/T_Single_Tile_N.uasset" 626
"D:/Users/seank/Desktop/MiracleJam/MiracleJam/GamJam/Content/StarterContent/Textures/T_Tech_Dot_M.uasset" 627
"D:/Users/seank/Desktop/MiracleJam/MiracleJam/GamJam/Content/StarterContent/Textures/T_Tech_Dot_N.uasset" 628
"D:/Users/seank/Desktop/MiracleJam/MiracleJam/GamJam/Content/StarterContent/Materials/M_Tech_Checker_Dot.uasset" 629
"D:/Users/seank/Desktop/MiracleJam/MiracleJam/GamJam/Content/StarterContent/Textures/T_Tech_Hex_Tile_M.uasset" 630
"D:/Users/seank/Desktop/MiracleJam/MiracleJam/GamJam/Content/StarterContent/Textures/T_Tech_Hex_Tile_N.uasset" 631
"D:/Users/seank/Desktop/MiracleJam/MiracleJam/GamJam/Content/StarterContent/Materials/M_Tech_Hex_Tile.uasset" 632
"D:/Users/seank/Desktop/MiracleJam/MiracleJam/GamJam/Content/StarterContent/Materials/M_Tech_Hex_Tile_Pulse.uasset" 633
"D:/Users/seank/Desktop/MiracleJam/MiracleJam/GamJam/Content/StarterContent/Textures/T_Tech_Panel_M.uasset" 634
"D:/Users/seank/Desktop/MiracleJam/MiracleJam/GamJam/Content/StarterContent/Textures/T_Tech_Panel_N.uasset" 635
"D:/Users/seank/Desktop/MiracleJam/MiracleJam/GamJam/Content/StarterContent/Materials/M_Tech_Panel.uasset" 636
"D:/Users/seank/Desktop/MiracleJam/MiracleJam/GamJam/Content/StarterContent/Materials/M_Water_Lake.uasset" 637
"D:/Users/seank/Desktop/MiracleJam/MiracleJam/GamJam/Content/StarterContent/Textures/T_Water_M.uasset" 638
"D:/Users/seank/Desktop/MiracleJam/MiracleJam/GamJam/Content/StarterContent/Materials/M_Water_Ocean.uasset" 639
"D:/Users/seank/Desktop/MiracleJam/MiracleJam/GamJam/Content/StarterContent/Textures/T_Wood_Floor_Walnut_D.uasset" 640
"D:/Users/seank/Desktop/MiracleJam/MiracleJam/GamJam/Content/StarterContent/Textures/T_Wood_Floor_Walnut_M.uasset" 641
"D:/Users/seank/Desktop/MiracleJam/MiracleJam/GamJam/Content/StarterContent/Textures/T_Wood_Floor_Walnut_N.uasset" 642
"D:/Users/seank/Desktop/MiracleJam/MiracleJam/GamJam/Content/StarterContent/Materials/M_Wood_Floor_Walnut_Polished.uasset" 643
"../../../Engine/Content/Functions/Engine_MaterialFunctions01/Opacity/AlphaOffset.uasset" 644
"D:/Users/seank/Desktop/MiracleJam/MiracleJam/GamJam/Content/StarterContent/Materials/M_Wood_Floor_Walnut_Worn.uasset" 645
"D:/Users/seank/Desktop/MiracleJam/MiracleJam/GamJam/Content/StarterContent/Textures/T_Wood_Oak_D.uasset" 646
"D:/Users/seank/Desktop/MiracleJam/MiracleJam/GamJam/Content/StarterContent/Textures/T_Wood_Oak_N.uasset" 647
"D:/Users/seank/Desktop/MiracleJam/MiracleJam/GamJam/Content/StarterContent/Materials/M_Wood_Oak.uasset" 648
"D:/Users/seank/Desktop/MiracleJam/MiracleJam/GamJam/Content/StarterContent/Textures/T_Wood_Pine_D.uasset" 649
"D:/Users/seank/Desktop/MiracleJam/MiracleJam/GamJam/Content/StarterContent/Textures/T_Wood_Pine_N.uasset" 650
"D:/Users/seank/Desktop/MiracleJam/MiracleJam/GamJam/Content/StarterContent/Materials/M_Wood_Pine.uasset" 651
"D:/Users/seank/Desktop/MiracleJam/MiracleJam/GamJam/Content/StarterContent/Textures/T_Wood_Walnut_D.uasset" 652
"D:/Users/seank/Desktop/MiracleJam/MiracleJam/GamJam/Content/StarterContent/Textures/T_Wood_Walnut_N.uasset" 653
"D:/Users/seank/Desktop/MiracleJam/MiracleJam/GamJam/Content/StarterContent/Materials/M_Wood_Walnut.uasset" 654
"D:/Users/seank/Desktop/MiracleJam/MiracleJam/GamJam/Content/StarterContent/Architecture/Wall_400x200.uasset" 655
"D:/Users/seank/Desktop/MiracleJam/MiracleJam/GamJam/Content/StarterContent/Architecture/Wall_Door_400x300.uasset" 656
"D:/Users/seank/Desktop/MiracleJam/MiracleJam/GamJam/Content/StarterContent/Architecture/Wall_Window_400x300.uasset" 657
"D:/Users/seank/Desktop/MiracleJam/MiracleJam/GamJam/Content/StarterContent/Audio/Collapse_Cue.uasset" 658
"D:/Users/seank/Desktop/MiracleJam/MiracleJam/GamJam/Content/StarterContent/Audio/Starter_Music_Cue.uasset" 659
"D:/Users/seank/Desktop/MiracleJam/MiracleJam/GamJam/Content/StarterContent/Textures/T_Dust_Particle_D.uasset" 660
"D:/Users/seank/Desktop/MiracleJam/MiracleJam/GamJam/Content/StarterContent/Particles/Materials/M_Dust_Particle.uasset" 661
"D:/Users/seank/Desktop/MiracleJam/MiracleJam/GamJam/Content/StarterContent/Particles/P_Ambient_Dust.uasset" 662
"D:/Users/seank/Desktop/MiracleJam/MiracleJam/GamJam/Content/StarterContent/Props/MaterialSphere.uasset" 663
"D:/Users/seank/Desktop/MiracleJam/MiracleJam/GamJam/Content/StarterContent/Textures/T_Frame_M.uasset" 664
"D:/Users/seank/Desktop/MiracleJam/MiracleJam/GamJam/Content/StarterContent/Textures/T_Frame_N.uasset" 665
"D:/Users/seank/Desktop/MiracleJam/MiracleJam/GamJam/Content/StarterContent/Props/Materials/M_Frame.uasset" 666
"D:/Users/seank/Desktop/MiracleJam/MiracleJam/GamJam/Content/StarterContent/Props/SM_CornerFrame.uasset" 667
"D:/Users/seank/Desktop/MiracleJam/MiracleJam/GamJam/Content/StarterContent/Props/SM_DoorFrame.uasset" 668
"D:/Users/seank/Desktop/MiracleJam/MiracleJam/GamJam/Content/StarterContent/Props/SM_GlassWindow.uasset" 669
"D:/Users/seank/Desktop/MiracleJam/MiracleJam/GamJam/Content/StarterContent/Props/SM_PillarFrame.uasset" 670
"D:/Users/seank/Desktop/MiracleJam/MiracleJam/GamJam/Content/StarterContent/Props/SM_PillarFrame300.uasset" 671
"D:/Users/seank/Desktop/MiracleJam/MiracleJam/GamJam/Content/StarterContent/Props/SM_WindowFrame.uasset" 672
"D:/Users/seank/Desktop/MiracleJam/MiracleJam/GamJam/Content/StarterContent/Shapes/Shape_Cube.uasset" 673
"D:/Users/seank/Desktop/MiracleJam/MiracleJam/GamJam/Content/StarterContent/Shapes/Shape_QuadPyramid.uasset" 674
"D:/Users/seank/Desktop/MiracleJam/MiracleJam/GamJam/Content/StarterContent/Shapes/Shape_Sphere.uasset" 675
"D:/Users/seank/Desktop/MiracleJam/MiracleJam/GamJam/Content/StarterContent/Maps/StarterMap.umap" 676
"D:/Users/seank/Desktop/MiracleJam/MiracleJam/GamJam/Content/Assets/Materials/M_mOVINGpLANT.uasset" 677
"D:/Users/seank/Desktop/MiracleJam/MiracleJam/GamJam/Content/Assets/Materials/M_Sunflowerhead.uasset" 678
"../../Plugins/FX/Niagara/Content/DynamicInputs/UniformRange/UniformRangedVector.uasset" 679
"../../Plugins/FX/Niagara/Content/Modules/Spawn/Location/CylinderLocation.uasset" 680
"../../Plugins/FX/Niagara/Content/Functions/FindAngleBetweenVectors.uasset" 681
"../../Plugins/FX/Niagara/Content/Functions/Masks/ConeMask.uasset" 682
"../../Plugins/FX/Niagara/Content/Enums/ENiagaraCurlNoiseQuality.uasset" 683
"../../Plugins/FX/Niagara/Content/VectorFields/Assets/TilingCurl16.uasset" 684
"../../Plugins/FX/Niagara/Content/VectorFields/Assets/TilingCurl32.uasset" 685
"../../Plugins/FX/Niagara/Content/VectorFields/Assets/TilingCurl64.uasset" 686
"../../Plugins/FX/Niagara/Content/Modules/Update/Forces/CurlNoiseForce.uasset" 687
"D:/Users/seank/Desktop/MiracleJam/MiracleJam/GamJam/Content/VFX/NS_SunflowerGrow.uasset" 688
"D:/Users/seank/Desktop/MiracleJam/MiracleJam/GamJam/Content/VFX/SunFlower/Sunflower.uasset" 689
"D:/Users/seank/Desktop/MiracleJam/MiracleJam/GamJam/Content/VFX/SunFlower/M_Sun.uasset" 690
"D:/Users/seank/Desktop/MiracleJam/MiracleJam/GamJam/Content/VFX/SunFlower/M_Sun_Inst.uasset" 691
"../../Plugins/FX/Niagara/Content/Modules/Update/Orientation/SpriteRotationRate.uasset" 692
"D:/Users/seank/Desktop/MiracleJam/MiracleJam/GamJam/Content/VFX/SunFlower/NS_SunFlower.uasset" 693
"D:/Users/seank/Desktop/MiracleJam/MiracleJam/GamJam/Content/Assets/Box.uasset" 694
"D:/Users/seank/Desktop/MiracleJam/MiracleJam/GamJam/Content/Assets/Plant.uasset" 695
"D:/Users/seank/Desktop/MiracleJam/MiracleJam/GamJam/Content/Assets/PlantFlower.uasset" 696
"D:/Users/seank/Desktop/MiracleJam/MiracleJam/GamJam/Content/Assets/PlantLeaves_1.uasset" 697
"D:/Users/seank/Desktop/MiracleJam/MiracleJam/GamJam/Content/Assets/PlantLeaves_2.uasset" 698
"D:/Users/seank/Desktop/MiracleJam/MiracleJam/GamJam/Content/Assets/Pot.uasset" 699
"D:/Users/seank/Desktop/MiracleJam/MiracleJam/GamJam/Content/SFX/HitFlower.uasset" 700
"D:/Users/seank/Desktop/MiracleJam/MiracleJam/GamJam/Content/SFX/SC_HitFlower.uasset" 701
"D:/Users/seank/Desktop/MiracleJam/MiracleJam/GamJam/Content/Plant/BP_Plant.uasset" 702
"D:/Users/seank/Desktop/MiracleJam/MiracleJam/GamJam/Content/Blueprints/OutofBoundsBox.uasset" 703
"D:/Users/seank/Desktop/MiracleJam/MiracleJam/GamJam/Content/CollectablesBlueprint/BP_Collectibles.uasset" 704
"D:/Users/seank/Desktop/MiracleJam/MiracleJam/GamJam/Content/CollectablesBlueprint/SpawnBox.uasset" 705
"D:/Users/seank/Desktop/MiracleJam/MiracleJam/GamJam/Content/ThirdPersonBP/Blueprints/ThirdPersonGameMode.uasset" 706
"D:/Users/seank/Desktop/MiracleJam/MiracleJam/GamJam/Content/ThirdPersonBP/Maps/ThirdPersonExampleMap_sharedassets/Dirt_LayerInfo.uasset" 707
"D:/Users/seank/Desktop/MiracleJam/MiracleJam/GamJam/Content/ThirdPersonBP/Maps/ThirdPersonExampleMap_sharedassets/Grass_LayerInfo.uasset" 708
"D:/Users/seank/Desktop/MiracleJam/MiracleJam/GamJam/Content/ThirdPersonBP/Maps/ThirdPersonExampleMap_sharedassets/Sand_LayerInfo.uasset" 709
"D:/Users/seank/Desktop/MiracleJam/MiracleJam/GamJam/Content/ThirdPersonBP/Maps/ThirdPersonExampleMap_BuiltData.uasset" 710
"D:/Users/seank/Desktop/MiracleJam/MiracleJam/GamJam/Content/Assets/Textures/Brick.uasset" 711
"D:/Users/seank/Desktop/MiracleJam/MiracleJam/GamJam/Content/Assets/Materials/M_Brick.uasset" 712
"D:/Users/seank/Desktop/MiracleJam/MiracleJam/GamJam/Content/Assets/Textures/Brick2.uasset" 713
"D:/Users/seank/Desktop/MiracleJam/MiracleJam/GamJam/Content/Assets/Materials/M_Brick2.uasset" 714
"D:/Users/seank/Desktop/MiracleJam/MiracleJam/GamJam/Content/Assets/Textures/House.uasset" 715
"D:/Users/seank/Desktop/MiracleJam/MiracleJam/GamJam/Content/Assets/Materials/M_House.uasset" 716
"D:/Users/seank/Desktop/MiracleJam/MiracleJam/GamJam/Content/Assets/Textures/Tree.uasset" 717
"D:/Users/seank/Desktop/MiracleJam/MiracleJam/GamJam/Content/Assets/Materials/M_Tree.uasset" 718
"../../../Engine/Content/Functions/Engine_MaterialFunctions01/Texturing/ScaleUVsByCenter.uasset" 719
"../../../Engine/Content/Functions/Engine_MaterialFunctions02/SafeNormalize.uasset" 720
"../../../Engine/Content/Functions/Engine_MaterialFunctions02/Math/CreateThirdOrthogonalVector.uasset" 721
"../../../Engine/Content/Functions/Engine_MaterialFunctions02/Math/InverseTransformMatrix.uasset" 722
"../../../Engine/Content/Functions/Engine_MaterialFunctions02/Math/TransformToZVector.uasset" 723
"../../../Engine/Content/Functions/Engine_MaterialFunctions02/Utility/VectorLength.uasset" 724
"../../../Engine/Content/EngineVolumetrics/Fogsheet/Materials/T_EV_BlankWhite_01.uasset" 725
"../../../Engine/Content/Functions/Engine_MaterialFunctions01/Texturing/ParallaxOcclusionMapping.uasset" 726
"../../../Engine/Content/Functions/Engine_MaterialFunctions02/Utility/Swizzle.uasset" 727
"../../../Engine/Content/Functions/Engine_MaterialFunctions02/WorldPositionOffset/ComponentPivotLocation.uasset" 728
"../../../Engine/Content/Functions/Engine_MaterialFunctions02/WorldPositionOffset/Sprite.uasset" 729
"../../../Engine/Content/Functions/Engine_MaterialFunctions01/Texturing/TextureBomb_SingleSample.uasset" 730
"../../../Engine/Content/Functions/Engine_MaterialFunctions01/Gradient/LinearGradient.uasset" 731
"../../../Engine/Content/Functions/Engine_MaterialFunctions01/ImageAdjustment/CheapContrast.uasset" 732
"../../../Engine/Content/Functions/Engine_MaterialFunctions02/Texturing/HeightLerp.uasset" 733
"../../../Engine/Content/EditorResources/S_VectorFieldVol.uasset" 734
"../../../Engine/Content/Functions/Engine_MaterialFunctions01/Texturing/Texture_Bombing.uasset" 735
"../../../Engine/Content/EngineMaterials/WeightMapPlaceholderTexture.uasset" 736
"D:/Users/seank/Desktop/MiracleJam/MiracleJam/GamJam/Content/Assets/Materials/M_Landscape.uasset" 737
"D:/Users/seank/Desktop/MiracleJam/MiracleJam/GamJam/Content/Assets/Materials/M_Landscape_Inst.uasset" 738
"D:/Users/seank/Desktop/MiracleJam/MiracleJam/GamJam/Content/Assets/Textures/Clouds.uasset" 739
"D:/Users/seank/Desktop/MiracleJam/MiracleJam/GamJam/Content/Assets/Materials/M_Sky.uasset" 740
"D:/Users/seank/Desktop/MiracleJam/MiracleJam/GamJam/Content/Assets/Materials/M_Sky_Inst.uasset" 741
"../../../Engine/Content/BasicShapes/Cube.uasset" 742
"../../../Engine/Content/BasicShapes/Plane.uasset" 743
"../../../Engine/Content/EngineMaterials/DefaultPhysicalMaterial.uasset" 744
"D:/Users/seank/Desktop/MiracleJam/MiracleJam/GamJam/Content/Assets/Climber.uasset" 745
"D:/Users/seank/Desktop/MiracleJam/MiracleJam/GamJam/Content/Assets/Textures/Fence_lambert1_BaseColor.uasset" 746
"D:/Users/seank/Desktop/MiracleJam/MiracleJam/GamJam/Content/Assets/Materials/M_Fence.uasset" 747
"D:/Users/seank/Desktop/MiracleJam/MiracleJam/GamJam/Content/Assets/Fence.uasset" 748
"D:/Users/seank/Desktop/MiracleJam/MiracleJam/GamJam/Content/Assets/Materials/M_GrassFoliage.uasset" 749
"D:/Users/seank/Desktop/MiracleJam/MiracleJam/GamJam/Content/Assets/Grass_1.uasset" 750
"D:/Users/seank/Desktop/MiracleJam/MiracleJam/GamJam/Content/Assets/Grass_2.uasset" 751
"D:/Users/seank/Desktop/MiracleJam/MiracleJam/GamJam/Content/Assets/Grass_3.uasset" 752
"D:/Users/seank/Desktop/MiracleJam/MiracleJam/GamJam/Content/UI/UI_PlantIndicator.uasset" 753
"D:/Users/seank/Desktop/MiracleJam/MiracleJam/GamJam/Content/UI/UI_PlantIndicatorHappy.uasset" 754
"D:/Users/seank/Desktop/MiracleJam/MiracleJam/GamJam/Content/UI/Bp_Plantindicator.uasset" 755
"D:/Users/seank/Desktop/MiracleJam/MiracleJam/GamJam/Content/ThirdPersonBP/Maps/ThirdPersonExampleMap.umap" 756
"../../../Engine/Content/Maps/Entry_BuiltData.uasset" 757
"../../../Engine/Content/Maps/Entry.umap" 758
